<?xml version="1.0" encoding="UTF-8"?>
<!-- Generated by org.testng.reporters.JUnitXMLReporter -->
<testsuite ignored="1" hostname="LAPTOP-G85O073V" failures="0" tests="3" name="Default test" time="3.508" errors="0" timestamp="2025-04-10T11:36:59 IST">
  <testcase classname="TestLibraryAPI" name="addBookDynamic" time="2.772"/>
  <testcase classname="TestLibraryAPI" name="addBookDynamic" time="0.338"/>
  <testcase classname="TestLibraryAPI" name="addBookDynamic" time="0.319"/>
  <testcase classname="TestLibraryAPI" name="addBookstatic" time="0.0">
    <ignored/>
  </testcase> <!-- addBookstatic -->
</testsuite> <!-- Default test -->
