<?xml version="1.0" encoding="UTF-8"?>
<testng-results ignored="0" total="3" passed="3" failed="0" skipped="0">
  <reporter-output>
  </reporter-output>
  <suite started-at="2025-04-10T11:36:55 IST" name="Default suite" finished-at="2025-04-10T11:36:59 IST" duration-ms="3508">
    <groups>
    </groups>
    <test started-at="2025-04-10T11:36:55 IST" name="Default test" finished-at="2025-04-10T11:36:59 IST" duration-ms="3508">
      <class name="TestLibraryAPI">
        <test-method signature="addBookDynamic(java.lang.String,java.lang.String)[pri:0, instance:TestLibraryAPI@2e385cce]" started-at="2025-04-10T11:36:55 IST" name="addBookDynamic" data-provider="addbooks" finished-at="2025-04-10T11:36:58 IST" duration-ms="2772" status="PASS">
          <params>
            <param index="0">
              <value>
                <![CDATA[abxss]]>
              </value>
            </param>
            <param index="1">
              <value>
                <![CDATA[2001]]>
              </value>
            </param>
          </params>
          <reporter-output>
          </reporter-output>
        </test-method> <!-- addBookDynamic -->
        <test-method signature="addBookDynamic(java.lang.String,java.lang.String)[pri:0, instance:TestLibraryAPI@2e385cce]" started-at="2025-04-10T11:36:58 IST" name="addBookDynamic" data-provider="addbooks" finished-at="2025-04-10T11:36:58 IST" duration-ms="338" status="PASS">
          <params>
            <param index="0">
              <value>
                <![CDATA[ppand]]>
              </value>
            </param>
            <param index="1">
              <value>
                <![CDATA[6382]]>
              </value>
            </param>
          </params>
          <reporter-output>
          </reporter-output>
        </test-method> <!-- addBookDynamic -->
        <test-method signature="addBookDynamic(java.lang.String,java.lang.String)[pri:0, instance:TestLibraryAPI@2e385cce]" started-at="2025-04-10T11:36:58 IST" name="addBookDynamic" data-provider="addbooks" finished-at="2025-04-10T11:36:59 IST" duration-ms="319" status="PASS">
          <params>
            <param index="0">
              <value>
                <![CDATA[cbaps]]>
              </value>
            </param>
            <param index="1">
              <value>
                <![CDATA[7482]]>
              </value>
            </param>
          </params>
          <reporter-output>
          </reporter-output>
        </test-method> <!-- addBookDynamic -->
      </class> <!-- TestLibraryAPI -->
    </test> <!-- Default test -->
  </suite> <!-- Default suite -->
</testng-results>
